2025-04-28T09:58:59.599+09:00  INFO 16380 --- [demo] [restartedMain] example.demo.DemoApplication             : Starting DemoApplication using Java 17.0.11 with PID 16380 (C:\Users\sh\Desktop\egov_workspace\toyProj\demo\target\classes started by sh in C:\Users\sh\Desktop\egov_workspace\toyProj\demo)
2025-04-28T09:58:59.610+09:00  INFO 16380 --- [demo] [restartedMain] example.demo.DemoApplication             : No active profile set, falling back to 1 default profile: "default"
2025-04-28T09:58:59.672+09:00  INFO 16380 --- [demo] [restartedMain] o.s.b.devtools.restart.ChangeableUrls    : The Class-Path manifest attribute in C:\Users\sh\.m2\repository\com\oracle\database\jdbc\ojdbc11\21.9.0.0\ojdbc11-21.9.0.0.jar referenced one or more files that do not exist: file:/C:/Users/sh/.m2/repository/com/oracle/database/jdbc/ojdbc11/21.9.0.0/oraclepki.jar
2025-04-28T09:58:59.673+09:00  INFO 16380 --- [demo] [restartedMain] .e.DevToolsPropertyDefaultsPostProcessor : Devtools property defaults active! Set 'spring.devtools.add-properties' to 'false' to disable
2025-04-28T09:58:59.673+09:00  INFO 16380 --- [demo] [restartedMain] .e.DevToolsPropertyDefaultsPostProcessor : For additional web related logging consider setting the 'logging.level.web' property to 'DEBUG'
2025-04-28T09:59:01.199+09:00  INFO 16380 --- [demo] [restartedMain] o.s.b.w.embedded.tomcat.TomcatWebServer  : Tomcat initialized with port 8080 (http)
2025-04-28T09:59:01.213+09:00  INFO 16380 --- [demo] [restartedMain] o.apache.catalina.core.StandardService   : Starting service [Tomcat]
2025-04-28T09:59:01.213+09:00  INFO 16380 --- [demo] [restartedMain] o.apache.catalina.core.StandardEngine    : Starting Servlet engine: [Apache Tomcat/10.1.39]
2025-04-28T09:59:01.259+09:00  INFO 16380 --- [demo] [restartedMain] o.a.c.c.C.[Tomcat].[localhost].[/]       : Initializing Spring embedded WebApplicationContext
2025-04-28T09:59:01.260+09:00  INFO 16380 --- [demo] [restartedMain] w.s.c.ServletWebServerApplicationContext : Root WebApplicationContext: initialization completed in 1586 ms
2025-04-28T09:59:01.836+09:00  WARN 16380 --- [demo] [restartedMain] .s.s.UserDetailsServiceAutoConfiguration : 

Using generated security password: c723ab04-8139-4f23-8021-194d4e94179b

This generated password is for development use only. Your security configuration must be updated before running your application in production.

2025-04-28T09:59:01.849+09:00  INFO 16380 --- [demo] [restartedMain] r$InitializeUserDetailsManagerConfigurer : Global AuthenticationManager configured with UserDetailsService bean with name inMemoryUserDetailsManager
2025-04-28T09:59:02.645+09:00  INFO 16380 --- [demo] [restartedMain] o.s.b.d.a.OptionalLiveReloadServer       : LiveReload server is running on port 35729
2025-04-28T09:59:02.691+09:00  INFO 16380 --- [demo] [restartedMain] o.s.b.w.embedded.tomcat.TomcatWebServer  : Tomcat started on port 8080 (http) with context path '/'
2025-04-28T09:59:02.701+09:00  INFO 16380 --- [demo] [restartedMain] example.demo.DemoApplication             : Started DemoApplication in 3.487 seconds (process running for 3.868)
2025-04-28T09:59:27.127+09:00  INFO 16380 --- [demo] [http-nio-8080-exec-1] o.a.c.c.C.[Tomcat].[localhost].[/]       : Initializing Spring DispatcherServlet 'dispatcherServlet'
2025-04-28T09:59:27.127+09:00  INFO 16380 --- [demo] [http-nio-8080-exec-1] o.s.web.servlet.DispatcherServlet        : Initializing Servlet 'dispatcherServlet'
2025-04-28T09:59:27.129+09:00  INFO 16380 --- [demo] [http-nio-8080-exec-1] o.s.web.servlet.DispatcherServlet        : Completed initialization in 1 ms
